{"/Users/oleksandr/Documents/Other Projects/untitled folder/project/src/components/button/index.tsx": {"path":"/Users/oleksandr/Documents/Other Projects/untitled folder/project/src/components/button/index.tsx","statementMap":{"0":{"start":{"line":9,"column":15},"end":{"line":19,"column":1}},"1":{"start":{"line":10,"column":2},"end":{"line":18,"column":4}},"2":{"start":{"line":21,"column":0},"end":{"line":21,"column":22}}},"fnMap":{"0":{"name":"(anonymous_0)","decl":{"start":{"line":9,"column":15},"end":{"line":9,"column":16}},"loc":{"start":{"line":9,"column":59},"end":{"line":19,"column":1}}}},"branchMap":{},"s":{"0":1,"1":2,"2":1},"f":{"0":2},"b":{}}
,"/Users/oleksandr/Documents/Other Projects/untitled folder/project/src/components/error/PageFallback.tsx": {"path":"/Users/oleksandr/Documents/Other Projects/untitled folder/project/src/components/error/PageFallback.tsx","statementMap":{"0":{"start":{"line":3,"column":21},"end":{"line":19,"column":1}},"1":{"start":{"line":4,"column":2},"end":{"line":18,"column":4}},"2":{"start":{"line":21,"column":0},"end":{"line":21,"column":28}}},"fnMap":{"0":{"name":"(anonymous_0)","decl":{"start":{"line":3,"column":21},"end":{"line":3,"column":22}},"loc":{"start":{"line":3,"column":50},"end":{"line":19,"column":1}}}},"branchMap":{},"s":{"0":1,"1":0,"2":1},"f":{"0":0},"b":{}}
,"/Users/oleksandr/Documents/Other Projects/untitled folder/project/src/components/loading-component/index.tsx": {"path":"/Users/oleksandr/Documents/Other Projects/untitled folder/project/src/components/loading-component/index.tsx","statementMap":{"0":{"start":{"line":1,"column":0},"end":{"line":1,"column":52}},"1":{"start":{"line":3,"column":25},"end":{"line":13,"column":1}},"2":{"start":{"line":4,"column":2},"end":{"line":12,"column":4}},"3":{"start":{"line":15,"column":0},"end":{"line":15,"column":32}}},"fnMap":{"0":{"name":"(anonymous_1)","decl":{"start":{"line":3,"column":25},"end":{"line":3,"column":28}},"loc":{"start":{"line":3,"column":30},"end":{"line":13,"column":1}}}},"branchMap":{},"s":{"0":1,"1":1,"2":1,"3":1},"f":{"0":1},"b":{}}
,"/Users/oleksandr/Documents/Other Projects/untitled folder/project/src/components/spinner-component/index.tsx": {"path":"/Users/oleksandr/Documents/Other Projects/untitled folder/project/src/components/spinner-component/index.tsx","statementMap":{"0":{"start":{"line":1,"column":25},"end":{"line":20,"column":1}},"1":{"start":{"line":2,"column":2},"end":{"line":19,"column":4}},"2":{"start":{"line":22,"column":0},"end":{"line":22,"column":32}}},"fnMap":{"0":{"name":"(anonymous_0)","decl":{"start":{"line":1,"column":25},"end":{"line":1,"column":28}},"loc":{"start":{"line":1,"column":30},"end":{"line":20,"column":1}}}},"branchMap":{},"s":{"0":1,"1":1,"2":1},"f":{"0":1},"b":{}}
,"/Users/oleksandr/Documents/Other Projects/untitled folder/project/src/features/main-page/components/error-modal/index.tsx": {"path":"/Users/oleksandr/Documents/Other Projects/untitled folder/project/src/features/main-page/components/error-modal/index.tsx","statementMap":{"0":{"start":{"line":7,"column":19},"end":{"line":23,"column":1}},"1":{"start":{"line":8,"column":2},"end":{"line":22,"column":4}},"2":{"start":{"line":25,"column":0},"end":{"line":25,"column":26}}},"fnMap":{"0":{"name":"(anonymous_0)","decl":{"start":{"line":7,"column":19},"end":{"line":7,"column":20}},"loc":{"start":{"line":7,"column":61},"end":{"line":23,"column":1}}}},"branchMap":{"0":{"loc":{"start":{"line":10,"column":7},"end":{"line":19,"column":null}},"type":"binary-expr","locations":[{"start":{"line":10,"column":7},"end":{"line":10,"column":13}},{"start":{"line":11,"column":8},"end":{"line":18,"column":null}}]}},"s":{"0":1,"1":2,"2":1},"f":{"0":2},"b":{"0":[2,0]}}
,"/Users/oleksandr/Documents/Other Projects/untitled folder/project/src/features/main-page/components/wikipedia-list/index.tsx": {"path":"/Users/oleksandr/Documents/Other Projects/untitled folder/project/src/features/main-page/components/wikipedia-list/index.tsx","statementMap":{"0":{"start":{"line":2,"column":0},"end":{"line":2,"column":55}},"1":{"start":{"line":3,"column":0},"end":{"line":3,"column":53}},"2":{"start":{"line":4,"column":0},"end":{"line":4,"column":69}},"3":{"start":{"line":5,"column":0},"end":{"line":5,"column":51}},"4":{"start":{"line":6,"column":0},"end":{"line":6,"column":72}},"5":{"start":{"line":8,"column":0},"end":{"line":8,"column":40}},"6":{"start":{"line":9,"column":0},"end":{"line":9,"column":44}},"7":{"start":{"line":10,"column":0},"end":{"line":10,"column":73}},"8":{"start":{"line":11,"column":0},"end":{"line":11,"column":79}},"9":{"start":{"line":13,"column":27},"end":{"line":57,"column":1}},"10":{"start":{"line":14,"column":50},"end":{"line":14,"column":74}},"11":{"start":{"line":15,"column":37},"end":{"line":15,"column":79}},"12":{"start":{"line":15,"column":63},"end":{"line":15,"column":78}},"13":{"start":{"line":16,"column":19},"end":{"line":16,"column":35}},"14":{"start":{"line":18,"column":2},"end":{"line":22,"column":14}},"15":{"start":{"line":19,"column":4},"end":{"line":21,"column":5}},"16":{"start":{"line":20,"column":6},"end":{"line":20,"column":32}},"17":{"start":{"line":24,"column":28},"end":{"line":26,"column":3}},"18":{"start":{"line":25,"column":4},"end":{"line":25,"column":31}},"19":{"start":{"line":28,"column":30},"end":{"line":30,"column":3}},"20":{"start":{"line":29,"column":4},"end":{"line":29,"column":51}},"21":{"start":{"line":32,"column":2},"end":{"line":56,"column":4}},"22":{"start":{"line":49,"column":12},"end":{"line":49,"column":null}},"23":{"start":{"line":59,"column":0},"end":{"line":59,"column":34}}},"fnMap":{"0":{"name":"(anonymous_1)","decl":{"start":{"line":13,"column":27},"end":{"line":13,"column":28}},"loc":{"start":{"line":13,"column":56},"end":{"line":57,"column":1}}},"1":{"name":"(anonymous_2)","decl":{"start":{"line":15,"column":52},"end":{"line":15,"column":53}},"loc":{"start":{"line":15,"column":63},"end":{"line":15,"column":78}}},"2":{"name":"(anonymous_3)","decl":{"start":{"line":18,"column":12},"end":{"line":18,"column":15}},"loc":{"start":{"line":18,"column":17},"end":{"line":22,"column":3}}},"3":{"name":"(anonymous_4)","decl":{"start":{"line":24,"column":28},"end":{"line":24,"column":31}},"loc":{"start":{"line":24,"column":33},"end":{"line":26,"column":3}}},"4":{"name":"(anonymous_5)","decl":{"start":{"line":28,"column":30},"end":{"line":28,"column":33}},"loc":{"start":{"line":28,"column":35},"end":{"line":30,"column":3}}},"5":{"name":"(anonymous_6)","decl":{"start":{"line":48,"column":23},"end":{"line":48,"column":24}},"loc":{"start":{"line":49,"column":12},"end":{"line":49,"column":null}}}},"branchMap":{"0":{"loc":{"start":{"line":19,"column":4},"end":{"line":21,"column":5}},"type":"if","locations":[{"start":{"line":19,"column":4},"end":{"line":21,"column":5}}]},"1":{"loc":{"start":{"line":42,"column":7},"end":{"line":42,"column":38}},"type":"binary-expr","locations":[{"start":{"line":42,"column":7},"end":{"line":42,"column":14}},{"start":{"line":42,"column":18},"end":{"line":42,"column":38}}]}},"s":{"0":1,"1":1,"2":1,"3":1,"4":1,"5":1,"6":1,"7":1,"8":1,"9":1,"10":2,"11":2,"12":4,"13":2,"14":2,"15":1,"16":0,"17":2,"18":0,"19":2,"20":1,"21":2,"22":0,"23":1},"f":{"0":2,"1":4,"2":1,"3":0,"4":1,"5":0},"b":{"0":[0],"1":[2,1]}}
,"/Users/oleksandr/Documents/Other Projects/untitled folder/project/src/features/main-page/components/wikipedia-list-item/index.tsx": {"path":"/Users/oleksandr/Documents/Other Projects/untitled folder/project/src/features/main-page/components/wikipedia-list-item/index.tsx","statementMap":{"0":{"start":{"line":3,"column":26},"end":{"line":56,"column":1}},"1":{"start":{"line":4,"column":2},"end":{"line":55,"column":4}},"2":{"start":{"line":12,"column":10},"end":{"line":13,"column":null}},"3":{"start":{"line":58,"column":0},"end":{"line":58,"column":33}}},"fnMap":{"0":{"name":"(anonymous_0)","decl":{"start":{"line":3,"column":26},"end":{"line":3,"column":27}},"loc":{"start":{"line":3,"column":47},"end":{"line":56,"column":1}}},"1":{"name":"(anonymous_1)","decl":{"start":{"line":11,"column":24},"end":{"line":11,"column":25}},"loc":{"start":{"line":12,"column":10},"end":{"line":13,"column":null}}}},"branchMap":{"0":{"loc":{"start":{"line":22,"column":17},"end":{"line":29,"column":null}},"type":"binary-expr","locations":[{"start":{"line":22,"column":17},"end":{"line":22,"column":31}},{"start":{"line":23,"column":18},"end":{"line":28,"column":null}}]}},"s":{"0":1,"1":0,"2":0,"3":1},"f":{"0":0,"1":0},"b":{"0":[0,0]}}
,"/Users/oleksandr/Documents/Other Projects/untitled folder/project/src/redux/store.ts": {"path":"/Users/oleksandr/Documents/Other Projects/untitled folder/project/src/redux/store.ts","statementMap":{"0":{"start":{"line":1,"column":0},"end":{"line":1,"column":50}},"1":{"start":{"line":2,"column":0},"end":{"line":2,"column":53}},"2":{"start":{"line":3,"column":0},"end":{"line":3,"column":77}},"3":{"start":{"line":5,"column":13},"end":{"line":11,"column":3}},"4":{"start":{"line":10,"column":4},"end":{"line":10,"column":54}},"5":{"start":{"line":16,"column":13},"end":{"line":16,"column":75}},"6":{"start":{"line":17,"column":30},"end":{"line":17,"column":62}},"7":{"start":{"line":17,"column":36},"end":{"line":17,"column":62}},"8":{"start":{"line":17,"column":13},"end":{"line":17,"column":30}}},"fnMap":{"0":{"name":"(anonymous_1)","decl":{"start":{"line":9,"column":14},"end":{"line":9,"column":15}},"loc":{"start":{"line":10,"column":4},"end":{"line":10,"column":54}}},"1":{"name":"(anonymous_2)","decl":{"start":{"line":17,"column":30},"end":{"line":17,"column":33}},"loc":{"start":{"line":17,"column":36},"end":{"line":17,"column":62}}}},"branchMap":{},"s":{"0":1,"1":1,"2":1,"3":1,"4":1,"5":1,"6":1,"7":2,"8":1},"f":{"0":1,"1":2},"b":{}}
,"/Users/oleksandr/Documents/Other Projects/untitled folder/project/src/redux/slice/wikipedia-slice.ts": {"path":"/Users/oleksandr/Documents/Other Projects/untitled folder/project/src/redux/slice/wikipedia-slice.ts","statementMap":{"0":{"start":{"line":1,"column":0},"end":{"line":1,"column":80}},"1":{"start":{"line":2,"column":0},"end":{"line":2,"column":51}},"2":{"start":{"line":7,"column":13},"end":{"line":20,"column":2}},"3":{"start":{"line":10,"column":4},"end":{"line":18,"column":5}},"4":{"start":{"line":11,"column":23},"end":{"line":12,"column":null}},"5":{"start":{"line":14,"column":6},"end":{"line":14,"column":34}},"6":{"start":{"line":16,"column":25},"end":{"line":16,"column":44}},"7":{"start":{"line":17,"column":6},"end":{"line":17,"column":79}},"8":{"start":{"line":28,"column":37},"end":{"line":32,"column":2}},"9":{"start":{"line":34,"column":23},"end":{"line":56,"column":2}},"10":{"start":{"line":39,"column":4},"end":{"line":54,"column":9}},"11":{"start":{"line":41,"column":8},"end":{"line":41,"column":29}},"12":{"start":{"line":42,"column":8},"end":{"line":42,"column":27}},"13":{"start":{"line":47,"column":10},"end":{"line":47,"column":32}},"14":{"start":{"line":48,"column":10},"end":{"line":48,"column":40}},"15":{"start":{"line":52,"column":8},"end":{"line":52,"column":30}},"16":{"start":{"line":53,"column":8},"end":{"line":53,"column":47}},"17":{"start":{"line":58,"column":0},"end":{"line":58,"column":38}}},"fnMap":{"0":{"name":"(anonymous_1)","decl":{"start":{"line":9,"column":2},"end":{"line":9,"column":7}},"loc":{"start":{"line":9,"column":58},"end":{"line":19,"column":3}}},"1":{"name":"(anonymous_2)","decl":{"start":{"line":38,"column":17},"end":{"line":38,"column":18}},"loc":{"start":{"line":38,"column":29},"end":{"line":55,"column":3}}},"2":{"name":"(anonymous_3)","decl":{"start":{"line":40,"column":45},"end":{"line":40,"column":46}},"loc":{"start":{"line":40,"column":55},"end":{"line":43,"column":7}}},"3":{"name":"(anonymous_4)","decl":{"start":{"line":46,"column":8},"end":{"line":46,"column":9}},"loc":{"start":{"line":46,"column":60},"end":{"line":49,"column":9}}},"4":{"name":"(anonymous_5)","decl":{"start":{"line":51,"column":46},"end":{"line":51,"column":47}},"loc":{"start":{"line":51,"column":64},"end":{"line":54,"column":7}}}},"branchMap":{"0":{"loc":{"start":{"line":17,"column":29},"end":{"line":17,"column":77}},"type":"binary-expr","locations":[{"start":{"line":17,"column":29},"end":{"line":17,"column":54}},{"start":{"line":17,"column":58},"end":{"line":17,"column":77}}]}},"s":{"0":3,"1":3,"2":3,"3":5,"4":5,"5":2,"6":2,"7":2,"8":3,"9":3,"10":3,"11":5,"12":5,"13":2,"14":2,"15":2,"16":2,"17":3},"f":{"0":5,"1":3,"2":5,"3":2,"4":2},"b":{"0":[2,0]}}
,"/Users/oleksandr/Documents/Other Projects/untitled folder/project/src/services/apiService.ts": {"path":"/Users/oleksandr/Documents/Other Projects/untitled folder/project/src/services/apiService.ts","statementMap":{"0":{"start":{"line":1,"column":0},"end":{"line":1,"column":80}},"1":{"start":{"line":3,"column":16},"end":{"line":3,"column":55}},"2":{"start":{"line":5,"column":0},"end":{"line":7,"column":1}},"3":{"start":{"line":6,"column":2},"end":{"line":6,"column":63}},"4":{"start":{"line":13,"column":4},"end":{"line":15,"column":7}},"5":{"start":{"line":22,"column":4},"end":{"line":22,"column":50}},"6":{"start":{"line":26,"column":19},"end":{"line":26,"column":42}},"7":{"start":{"line":28,"column":0},"end":{"line":28,"column":26}}},"fnMap":{"0":{"name":"(anonymous_1)","decl":{"start":{"line":12,"column":2},"end":{"line":12,"column":14}},"loc":{"start":{"line":12,"column":29},"end":{"line":16,"column":3}}},"1":{"name":"(anonymous_2)","decl":{"start":{"line":18,"column":2},"end":{"line":18,"column":7}},"loc":{"start":{"line":20,"column":31},"end":{"line":23,"column":3}}}},"branchMap":{"0":{"loc":{"start":{"line":5,"column":0},"end":{"line":7,"column":1}},"type":"if","locations":[{"start":{"line":5,"column":0},"end":{"line":7,"column":1}}]}},"s":{"0":3,"1":3,"2":3,"3":0,"4":3,"5":1,"6":3,"7":3},"f":{"0":3,"1":1},"b":{"0":[0]}}
}
