TN:
SF:src/components/button/index.tsx
FN:9,(anonymous_0)
FNF:1
FNH:1
FNDA:2,(anonymous_0)
DA:9,1
DA:10,2
DA:21,1
LF:3
LH:3
BRF:0
BRH:0
end_of_record
TN:
SF:src/components/error/PageFallback.tsx
FN:3,(anonymous_0)
FNF:1
FNH:0
FNDA:0,(anonymous_0)
DA:3,1
DA:4,0
DA:21,1
LF:3
LH:2
BRF:0
BRH:0
end_of_record
TN:
SF:src/components/loading-component/index.tsx
FN:3,(anonymous_1)
FNF:1
FNH:1
FNDA:1,(anonymous_1)
DA:1,1
DA:3,1
DA:4,1
DA:15,1
LF:4
LH:4
BRF:0
BRH:0
end_of_record
TN:
SF:src/components/spinner-component/index.tsx
FN:1,(anonymous_0)
FNF:1
FNH:1
FNDA:1,(anonymous_0)
DA:1,1
DA:2,1
DA:22,1
LF:3
LH:3
BRF:0
BRH:0
end_of_record
TN:
SF:src/features/main-page/components/error-modal/index.tsx
FN:7,(anonymous_0)
FNF:1
FNH:1
FNDA:2,(anonymous_0)
DA:7,1
DA:8,2
DA:25,1
LF:3
LH:3
BRDA:10,0,0,2
BRDA:10,0,1,0
BRF:2
BRH:1
end_of_record
TN:
SF:src/features/main-page/components/wikipedia-list/index.tsx
FN:13,(anonymous_1)
FN:15,(anonymous_2)
FN:18,(anonymous_3)
FN:24,(anonymous_4)
FN:28,(anonymous_5)
FN:48,(anonymous_6)
FNF:6
FNH:4
FNDA:2,(anonymous_1)
FNDA:4,(anonymous_2)
FNDA:1,(anonymous_3)
FNDA:0,(anonymous_4)
FNDA:1,(anonymous_5)
FNDA:0,(anonymous_6)
DA:2,1
DA:3,1
DA:4,1
DA:5,1
DA:6,1
DA:8,1
DA:9,1
DA:10,1
DA:11,1
DA:13,1
DA:14,2
DA:15,4
DA:16,2
DA:18,2
DA:19,1
DA:20,0
DA:24,2
DA:25,0
DA:28,2
DA:29,1
DA:32,2
DA:49,0
DA:59,1
LF:23
LH:20
BRDA:19,0,0,0
BRDA:42,1,0,2
BRDA:42,1,1,1
BRF:3
BRH:2
end_of_record
TN:
SF:src/features/main-page/components/wikipedia-list-item/index.tsx
FN:3,(anonymous_0)
FN:11,(anonymous_1)
FNF:2
FNH:0
FNDA:0,(anonymous_0)
FNDA:0,(anonymous_1)
DA:3,1
DA:4,0
DA:12,0
DA:58,1
LF:4
LH:2
BRDA:22,0,0,0
BRDA:22,0,1,0
BRF:2
BRH:0
end_of_record
TN:
SF:src/redux/store.ts
FN:9,(anonymous_1)
FN:17,(anonymous_2)
FNF:2
FNH:2
FNDA:1,(anonymous_1)
FNDA:2,(anonymous_2)
DA:1,1
DA:2,1
DA:3,1
DA:5,1
DA:10,1
DA:16,1
DA:17,2
LF:7
LH:7
BRF:0
BRH:0
end_of_record
TN:
SF:src/redux/slice/wikipedia-slice.ts
FN:9,(anonymous_1)
FN:38,(anonymous_2)
FN:40,(anonymous_3)
FN:46,(anonymous_4)
FN:51,(anonymous_5)
FNF:5
FNH:5
FNDA:5,(anonymous_1)
FNDA:3,(anonymous_2)
FNDA:5,(anonymous_3)
FNDA:2,(anonymous_4)
FNDA:2,(anonymous_5)
DA:1,3
DA:2,3
DA:7,3
DA:10,5
DA:11,5
DA:14,2
DA:16,2
DA:17,2
DA:28,3
DA:34,3
DA:39,3
DA:41,5
DA:42,5
DA:47,2
DA:48,2
DA:52,2
DA:53,2
DA:58,3
LF:18
LH:18
BRDA:17,0,0,2
BRDA:17,0,1,0
BRF:2
BRH:1
end_of_record
TN:
SF:src/services/apiService.ts
FN:12,(anonymous_1)
FN:18,(anonymous_2)
FNF:2
FNH:2
FNDA:3,(anonymous_1)
FNDA:1,(anonymous_2)
DA:1,3
DA:3,3
DA:5,3
DA:6,0
DA:13,3
DA:22,1
DA:26,3
DA:28,3
LF:8
LH:7
BRDA:5,0,0,0
BRF:1
BRH:0
end_of_record
